{
  "stats": {
    "suites": 1,
    "tests": 3,
    "passes": 3,
    "pending": 0,
    "failures": 0,
    "start": "2026-05-16T21:32:22.171Z",
    "end": "2026-05-16T21:32:26.907Z",
    "duration": 4736,
    "testsRegistered": 3,
    "passPercent": 100,
    "pendingPercent": 0,
    "other": 0,
    "hasOther": false,
    "skipped": 0,
    "hasSkipped": false
  },
  "results": [
    {
      "uuid": "2413c27a-9796-4603-909f-8823a62af98c",
      "title": "",
      "fullFile": "cypress\\e2e\\login.cy.js",
      "file": "cypress\\e2e\\login.cy.js",
      "beforeHooks": [],
      "afterHooks": [],
      "tests": [],
      "suites": [
        {
          "uuid": "065ee6c4-26f3-43a3-8eff-0934f437a0ff",
          "title": "Login flow",
          "fullFile": "",
          "file": "",
          "beforeHooks": [],
          "afterHooks": [],
          "tests": [
            {
              "title": "hace login con credenciales válidas",
              "fullTitle": "Login flow hace login con credenciales válidas",
              "timedOut": null,
              "duration": 2697,
              "state": "passed",
              "speed": "fast",
              "pass": true,
              "fail": false,
              "pending": false,
              "context": null,
              "code": "cy.get('[data-test=\"username\"]').type('standard_user');\ncy.get('[data-test=\"password\"]').type('secret_sauce');\ncy.get('[data-test=\"login-button\"]').click();\ncy.location('pathname').should('eq', '/inventory.html');",
              "err": {},
              "uuid": "edadc0f4-8c04-4b57-9597-9db47007313f",
              "parentUUID": "065ee6c4-26f3-43a3-8eff-0934f437a0ff",
              "isHook": false,
              "skipped": false
            },
            {
              "title": "muestra error con credenciales inválidas",
              "fullTitle": "Login flow muestra error con credenciales inválidas",
              "timedOut": null,
              "duration": 1367,
              "state": "passed",
              "speed": "fast",
              "pass": true,
              "fail": false,
              "pending": false,
              "context": null,
              "code": "cy.get('[data-test=\"username\"]').type('usuario_invalido');\ncy.get('[data-test=\"password\"]').type('mala_contraseña');\ncy.get('[data-test=\"login-button\"]').click();\ncy.get('[data-test=\"error\"]').should('be.visible');",
              "err": {},
              "uuid": "f7c8d092-01ab-4839-839f-87343ec3485f",
              "parentUUID": "065ee6c4-26f3-43a3-8eff-0934f437a0ff",
              "isHook": false,
              "skipped": false
            },
            {
              "title": "no permite login con campos vacíos",
              "fullTitle": "Login flow no permite login con campos vacíos",
              "timedOut": null,
              "duration": 394,
              "state": "passed",
              "speed": "fast",
              "pass": true,
              "fail": false,
              "pending": false,
              "context": null,
              "code": "cy.get('[data-test=\"login-button\"]').click();\ncy.get('[data-test=\"error\"]').should('be.visible');",
              "err": {},
              "uuid": "5372bbc7-70cf-45ae-88b6-92083be9754c",
              "parentUUID": "065ee6c4-26f3-43a3-8eff-0934f437a0ff",
              "isHook": false,
              "skipped": false
            }
          ],
          "suites": [],
          "passes": [
            "edadc0f4-8c04-4b57-9597-9db47007313f",
            "f7c8d092-01ab-4839-839f-87343ec3485f",
            "5372bbc7-70cf-45ae-88b6-92083be9754c"
          ],
          "failures": [],
          "pending": [],
          "skipped": [],
          "duration": 4458,
          "root": false,
          "rootEmpty": false,
          "_timeout": 2000
        }
      ],
      "passes": [],
      "failures": [],
      "pending": [],
      "skipped": [],
      "duration": 0,
      "root": true,
      "rootEmpty": true,
      "_timeout": 2000
    }
  ],
  "meta": {
    "mocha": {
      "version": "7.2.0"
    },
    "mochawesome": {
      "options": {
        "quiet": false,
        "reportFilename": "mochawesome",
        "saveHtml": false,
        "saveJson": true,
        "consoleReporter": "spec",
        "useInlineDiffs": false,
        "code": true
      },
      "version": "7.1.4"
    },
    "marge": {
      "options": {
        "reportDir": "cypress\\reports\\.jsons",
        "overwrite": false,
        "html": false,
        "json": true
      },
      "version": "6.3.2"
    }
  }
}